<?xml version="1.0" encoding="UTF-8"?>
<!-- Generated by org.testng.reporters.JUnitXMLReporter -->
<testsuite ignored="4" hostname="LTIN280286" failures="0" tests="24" name="Test" time="134.199" errors="0" timestamp="2024-02-29T18:05:08 IST">
  <testcase classname="testcases.TC001_Home_Page" name="homePageVerification" time="11.259"/>
  <testcase classname="testcases.TC001_Home_Page" name="WebDevelopmentPageVerification" time="3.613"/>
  <testcase classname="testcases.TC001_Home_Page" name="coursesVerification" time="23.205"/>
  <testcase classname="testcases.TC001_Home_Page" name="SecondsearchboxVerification" time="2.781"/>
  <testcase classname="testcases.TC002_Language_Learning" name="ShowMorelinkVerification" time="0.259"/>
  <testcase classname="testcases.TC002_Language_Learning" name="LanguageVerification" time="4.44"/>
  <testcase classname="testcases.TC002_Language_Learning" name="CloselinkVerification" time="0.152"/>
  <testcase classname="testcases.TC002_Language_Learning" name="LevelCountVerification" time="3.322"/>
  <testcase classname="testcases.TC002_Language_Learning" name="ClickCourseraVerification" time="7.317"/>
  <testcase classname="testcases.TC002_Language_Learning" name="forEnterpriseVerification" time="13.729"/>
  <testcase classname="testcases.TC003_Form_Page" name="FormValidation" time="0.639"/>
  <testcase classname="testcases.TC003_Form_Page" name="ClickProductVerification" time="4.169"/>
  <testcase classname="testcases.TC003_Form_Page" name="learnMoreVerification" time="10.047"/>
  <testcase classname="testcases.TC003_Form_Page" name="VerificationName" time="0.936"/>
  <testcase classname="testcases.TC003_Form_Page" name="emailVerification" time="0.35"/>
  <testcase classname="testcases.TC003_Form_Page" name="phnoVerification" time="0.367"/>
  <testcase classname="testcases.TC003_Form_Page" name="institutionVerification" time="1.205"/>
  <testcase classname="testcases.TC003_Form_Page" name="jobRoleVerification" time="0.253"/>
  <testcase classname="testcases.TC003_Form_Page" name="deptVerification" time="0.471"/>
  <testcase classname="testcases.TC003_Form_Page" name="bDescVerification" time="0.515"/>
  <testcase classname="testcases.TC003_Form_Page" name="ctryVerification" time="0.43"/>
  <testcase classname="testcases.TC003_Form_Page" name="stateVerification" time="0.365"/>
  <testcase classname="testcases.TC003_Form_Page" name="subButtonVerification" time="0.232"/>
  <testcase classname="testcases.TC003_Form_Page" name="captureMessageVerification" time="0.142"/>
  <testcase classname="testBase.BaseClass" name="@AfterTest tearDown" time="0.0">
    <ignored/>
  </testcase> <!-- @AfterTest tearDown -->
  <testcase classname="testBase.BaseClass" name="@BeforeTest setUp" time="0.0">
    <ignored/>
  </testcase> <!-- @BeforeTest setUp -->
  <testcase classname="testBase.BaseClass" name="@AfterTest tearDown" time="0.0">
    <ignored/>
  </testcase> <!-- @AfterTest tearDown -->
  <testcase classname="testBase.BaseClass" name="@BeforeTest setUp" time="0.0">
    <ignored/>
  </testcase> <!-- @BeforeTest setUp -->
</testsuite> <!-- Test -->
