<?xml version="1.0" encoding="UTF-8"?>
<testng-results ignored="0" total="24" passed="24" failed="0" skipped="0">
  <reporter-output>
  </reporter-output>
  <suite started-at="2024-02-29T18:02:50 IST" name="Suite" finished-at="2024-02-29T18:05:04 IST" duration-ms="134199">
    <groups>
      <group name="regression">
        <method signature="TC001_Home_Page.homePageVerification()[pri:1, instance:testcases.TC001_Home_Page@54422e18]" name="homePageVerification" class="testcases.TC001_Home_Page"/>
        <method signature="TC002_Language_Learning.ShowMorelinkVerification()[pri:1, instance:testcases.TC002_Language_Learning@2034b64c]" name="ShowMorelinkVerification" class="testcases.TC002_Language_Learning"/>
        <method signature="TC003_Form_Page.FormValidation()[pri:1, instance:testcases.TC003_Form_Page@75d3a5e0]" name="FormValidation" class="testcases.TC003_Form_Page"/>
        <method signature="TC001_Home_Page.WebDevelopmentPageVerification()[pri:2, instance:testcases.TC001_Home_Page@54422e18]" name="WebDevelopmentPageVerification" class="testcases.TC001_Home_Page"/>
        <method signature="TC002_Language_Learning.LanguageVerification()[pri:2, instance:testcases.TC002_Language_Learning@2034b64c]" name="LanguageVerification" class="testcases.TC002_Language_Learning"/>
        <method signature="TC003_Form_Page.ClickProductVerification()[pri:2, instance:testcases.TC003_Form_Page@75d3a5e0]" name="ClickProductVerification" class="testcases.TC003_Form_Page"/>
        <method signature="TC001_Home_Page.coursesVerification()[pri:3, instance:testcases.TC001_Home_Page@54422e18]" name="coursesVerification" class="testcases.TC001_Home_Page"/>
        <method signature="TC002_Language_Learning.CloselinkVerification()[pri:3, instance:testcases.TC002_Language_Learning@2034b64c]" name="CloselinkVerification" class="testcases.TC002_Language_Learning"/>
        <method signature="TC003_Form_Page.learnMoreVerification()[pri:3, instance:testcases.TC003_Form_Page@75d3a5e0]" name="learnMoreVerification" class="testcases.TC003_Form_Page"/>
        <method signature="TC001_Home_Page.SecondsearchboxVerification()[pri:4, instance:testcases.TC001_Home_Page@54422e18]" name="SecondsearchboxVerification" class="testcases.TC001_Home_Page"/>
        <method signature="TC002_Language_Learning.LevelCountVerification()[pri:4, instance:testcases.TC002_Language_Learning@2034b64c]" name="LevelCountVerification" class="testcases.TC002_Language_Learning"/>
        <method signature="TC003_Form_Page.VerificationName()[pri:4, instance:testcases.TC003_Form_Page@75d3a5e0]" name="VerificationName" class="testcases.TC003_Form_Page"/>
        <method signature="TC002_Language_Learning.ClickCourseraVerification()[pri:5, instance:testcases.TC002_Language_Learning@2034b64c]" name="ClickCourseraVerification" class="testcases.TC002_Language_Learning"/>
        <method signature="TC003_Form_Page.emailVerification()[pri:5, instance:testcases.TC003_Form_Page@75d3a5e0]" name="emailVerification" class="testcases.TC003_Form_Page"/>
        <method signature="TC002_Language_Learning.forEnterpriseVerification()[pri:6, instance:testcases.TC002_Language_Learning@2034b64c]" name="forEnterpriseVerification" class="testcases.TC002_Language_Learning"/>
        <method signature="TC003_Form_Page.phnoVerification()[pri:6, instance:testcases.TC003_Form_Page@75d3a5e0]" name="phnoVerification" class="testcases.TC003_Form_Page"/>
        <method signature="TC003_Form_Page.institutionVerification()[pri:7, instance:testcases.TC003_Form_Page@75d3a5e0]" name="institutionVerification" class="testcases.TC003_Form_Page"/>
        <method signature="TC003_Form_Page.jobRoleVerification()[pri:8, instance:testcases.TC003_Form_Page@75d3a5e0]" name="jobRoleVerification" class="testcases.TC003_Form_Page"/>
        <method signature="TC003_Form_Page.deptVerification()[pri:9, instance:testcases.TC003_Form_Page@75d3a5e0]" name="deptVerification" class="testcases.TC003_Form_Page"/>
        <method signature="TC003_Form_Page.bDescVerification()[pri:10, instance:testcases.TC003_Form_Page@75d3a5e0]" name="bDescVerification" class="testcases.TC003_Form_Page"/>
        <method signature="TC003_Form_Page.ctryVerification()[pri:11, instance:testcases.TC003_Form_Page@75d3a5e0]" name="ctryVerification" class="testcases.TC003_Form_Page"/>
        <method signature="TC003_Form_Page.stateVerification()[pri:12, instance:testcases.TC003_Form_Page@75d3a5e0]" name="stateVerification" class="testcases.TC003_Form_Page"/>
        <method signature="TC003_Form_Page.subButtonVerification()[pri:13, instance:testcases.TC003_Form_Page@75d3a5e0]" name="subButtonVerification" class="testcases.TC003_Form_Page"/>
        <method signature="TC003_Form_Page.captureMessageVerification()[pri:14, instance:testcases.TC003_Form_Page@75d3a5e0]" name="captureMessageVerification" class="testcases.TC003_Form_Page"/>
      </group> <!-- regression -->
      <group name="sanity">
        <method signature="TC001_Home_Page.homePageVerification()[pri:1, instance:testcases.TC001_Home_Page@54422e18]" name="homePageVerification" class="testcases.TC001_Home_Page"/>
        <method signature="TC002_Language_Learning.ShowMorelinkVerification()[pri:1, instance:testcases.TC002_Language_Learning@2034b64c]" name="ShowMorelinkVerification" class="testcases.TC002_Language_Learning"/>
        <method signature="TC003_Form_Page.FormValidation()[pri:1, instance:testcases.TC003_Form_Page@75d3a5e0]" name="FormValidation" class="testcases.TC003_Form_Page"/>
        <method signature="TC001_Home_Page.WebDevelopmentPageVerification()[pri:2, instance:testcases.TC001_Home_Page@54422e18]" name="WebDevelopmentPageVerification" class="testcases.TC001_Home_Page"/>
        <method signature="TC002_Language_Learning.LanguageVerification()[pri:2, instance:testcases.TC002_Language_Learning@2034b64c]" name="LanguageVerification" class="testcases.TC002_Language_Learning"/>
        <method signature="TC003_Form_Page.ClickProductVerification()[pri:2, instance:testcases.TC003_Form_Page@75d3a5e0]" name="ClickProductVerification" class="testcases.TC003_Form_Page"/>
        <method signature="TC001_Home_Page.coursesVerification()[pri:3, instance:testcases.TC001_Home_Page@54422e18]" name="coursesVerification" class="testcases.TC001_Home_Page"/>
        <method signature="TC002_Language_Learning.CloselinkVerification()[pri:3, instance:testcases.TC002_Language_Learning@2034b64c]" name="CloselinkVerification" class="testcases.TC002_Language_Learning"/>
        <method signature="TC003_Form_Page.learnMoreVerification()[pri:3, instance:testcases.TC003_Form_Page@75d3a5e0]" name="learnMoreVerification" class="testcases.TC003_Form_Page"/>
        <method signature="TC001_Home_Page.SecondsearchboxVerification()[pri:4, instance:testcases.TC001_Home_Page@54422e18]" name="SecondsearchboxVerification" class="testcases.TC001_Home_Page"/>
        <method signature="TC002_Language_Learning.LevelCountVerification()[pri:4, instance:testcases.TC002_Language_Learning@2034b64c]" name="LevelCountVerification" class="testcases.TC002_Language_Learning"/>
        <method signature="TC003_Form_Page.VerificationName()[pri:4, instance:testcases.TC003_Form_Page@75d3a5e0]" name="VerificationName" class="testcases.TC003_Form_Page"/>
        <method signature="TC002_Language_Learning.ClickCourseraVerification()[pri:5, instance:testcases.TC002_Language_Learning@2034b64c]" name="ClickCourseraVerification" class="testcases.TC002_Language_Learning"/>
        <method signature="TC003_Form_Page.emailVerification()[pri:5, instance:testcases.TC003_Form_Page@75d3a5e0]" name="emailVerification" class="testcases.TC003_Form_Page"/>
        <method signature="TC002_Language_Learning.forEnterpriseVerification()[pri:6, instance:testcases.TC002_Language_Learning@2034b64c]" name="forEnterpriseVerification" class="testcases.TC002_Language_Learning"/>
        <method signature="TC003_Form_Page.phnoVerification()[pri:6, instance:testcases.TC003_Form_Page@75d3a5e0]" name="phnoVerification" class="testcases.TC003_Form_Page"/>
        <method signature="TC003_Form_Page.institutionVerification()[pri:7, instance:testcases.TC003_Form_Page@75d3a5e0]" name="institutionVerification" class="testcases.TC003_Form_Page"/>
        <method signature="TC003_Form_Page.jobRoleVerification()[pri:8, instance:testcases.TC003_Form_Page@75d3a5e0]" name="jobRoleVerification" class="testcases.TC003_Form_Page"/>
        <method signature="TC003_Form_Page.deptVerification()[pri:9, instance:testcases.TC003_Form_Page@75d3a5e0]" name="deptVerification" class="testcases.TC003_Form_Page"/>
        <method signature="TC003_Form_Page.bDescVerification()[pri:10, instance:testcases.TC003_Form_Page@75d3a5e0]" name="bDescVerification" class="testcases.TC003_Form_Page"/>
        <method signature="TC003_Form_Page.ctryVerification()[pri:11, instance:testcases.TC003_Form_Page@75d3a5e0]" name="ctryVerification" class="testcases.TC003_Form_Page"/>
        <method signature="TC003_Form_Page.stateVerification()[pri:12, instance:testcases.TC003_Form_Page@75d3a5e0]" name="stateVerification" class="testcases.TC003_Form_Page"/>
        <method signature="TC003_Form_Page.subButtonVerification()[pri:13, instance:testcases.TC003_Form_Page@75d3a5e0]" name="subButtonVerification" class="testcases.TC003_Form_Page"/>
        <method signature="TC003_Form_Page.captureMessageVerification()[pri:14, instance:testcases.TC003_Form_Page@75d3a5e0]" name="captureMessageVerification" class="testcases.TC003_Form_Page"/>
      </group> <!-- sanity -->
    </groups>
    <test started-at="2024-02-29T18:02:50 IST" name="Test" finished-at="2024-02-29T18:05:04 IST" duration-ms="134199">
      <class name="testcases.TC003_Form_Page">
        <test-method signature="FormValidation()[pri:1, instance:testcases.TC003_Form_Page@75d3a5e0]" started-at="2024-02-29T18:04:37 IST" name="FormValidation" finished-at="2024-02-29T18:04:38 IST" duration-ms="639" status="PASS">
          <reporter-output>
          </reporter-output>
        </test-method> <!-- FormValidation -->
        <test-method signature="ClickProductVerification()[pri:2, instance:testcases.TC003_Form_Page@75d3a5e0]" started-at="2024-02-29T18:04:38 IST" name="ClickProductVerification" finished-at="2024-02-29T18:04:42 IST" duration-ms="4169" status="PASS">
          <reporter-output>
          </reporter-output>
        </test-method> <!-- ClickProductVerification -->
        <test-method signature="learnMoreVerification()[pri:3, instance:testcases.TC003_Form_Page@75d3a5e0]" started-at="2024-02-29T18:04:42 IST" name="learnMoreVerification" finished-at="2024-02-29T18:04:52 IST" duration-ms="10047" status="PASS">
          <reporter-output>
          </reporter-output>
        </test-method> <!-- learnMoreVerification -->
        <test-method signature="VerificationName()[pri:4, instance:testcases.TC003_Form_Page@75d3a5e0]" started-at="2024-02-29T18:04:54 IST" name="VerificationName" finished-at="2024-02-29T18:04:54 IST" duration-ms="936" status="PASS">
          <reporter-output>
          </reporter-output>
        </test-method> <!-- VerificationName -->
        <test-method signature="emailVerification()[pri:5, instance:testcases.TC003_Form_Page@75d3a5e0]" started-at="2024-02-29T18:04:55 IST" name="emailVerification" finished-at="2024-02-29T18:04:55 IST" duration-ms="350" status="PASS">
          <reporter-output>
          </reporter-output>
        </test-method> <!-- emailVerification -->
        <test-method signature="phnoVerification()[pri:6, instance:testcases.TC003_Form_Page@75d3a5e0]" started-at="2024-02-29T18:04:55 IST" name="phnoVerification" finished-at="2024-02-29T18:04:56 IST" duration-ms="367" status="PASS">
          <reporter-output>
          </reporter-output>
        </test-method> <!-- phnoVerification -->
        <test-method signature="institutionVerification()[pri:7, instance:testcases.TC003_Form_Page@75d3a5e0]" started-at="2024-02-29T18:04:56 IST" name="institutionVerification" finished-at="2024-02-29T18:04:57 IST" duration-ms="1205" status="PASS">
          <reporter-output>
          </reporter-output>
        </test-method> <!-- institutionVerification -->
        <test-method signature="jobRoleVerification()[pri:8, instance:testcases.TC003_Form_Page@75d3a5e0]" started-at="2024-02-29T18:04:58 IST" name="jobRoleVerification" finished-at="2024-02-29T18:04:58 IST" duration-ms="253" status="PASS">
          <reporter-output>
          </reporter-output>
        </test-method> <!-- jobRoleVerification -->
        <test-method signature="deptVerification()[pri:9, instance:testcases.TC003_Form_Page@75d3a5e0]" started-at="2024-02-29T18:04:58 IST" name="deptVerification" finished-at="2024-02-29T18:04:59 IST" duration-ms="471" status="PASS">
          <reporter-output>
          </reporter-output>
        </test-method> <!-- deptVerification -->
        <test-method signature="bDescVerification()[pri:10, instance:testcases.TC003_Form_Page@75d3a5e0]" started-at="2024-02-29T18:04:59 IST" name="bDescVerification" finished-at="2024-02-29T18:04:59 IST" duration-ms="515" status="PASS">
          <reporter-output>
          </reporter-output>
        </test-method> <!-- bDescVerification -->
        <test-method signature="ctryVerification()[pri:11, instance:testcases.TC003_Form_Page@75d3a5e0]" started-at="2024-02-29T18:05:00 IST" name="ctryVerification" finished-at="2024-02-29T18:05:00 IST" duration-ms="430" status="PASS">
          <reporter-output>
          </reporter-output>
        </test-method> <!-- ctryVerification -->
        <test-method signature="stateVerification()[pri:12, instance:testcases.TC003_Form_Page@75d3a5e0]" started-at="2024-02-29T18:05:00 IST" name="stateVerification" finished-at="2024-02-29T18:05:01 IST" duration-ms="365" status="PASS">
          <reporter-output>
          </reporter-output>
        </test-method> <!-- stateVerification -->
        <test-method signature="subButtonVerification()[pri:13, instance:testcases.TC003_Form_Page@75d3a5e0]" started-at="2024-02-29T18:05:01 IST" name="subButtonVerification" finished-at="2024-02-29T18:05:01 IST" duration-ms="232" status="PASS">
          <reporter-output>
          </reporter-output>
        </test-method> <!-- subButtonVerification -->
        <test-method signature="captureMessageVerification()[pri:14, instance:testcases.TC003_Form_Page@75d3a5e0]" started-at="2024-02-29T18:05:02 IST" name="captureMessageVerification" finished-at="2024-02-29T18:05:02 IST" duration-ms="142" status="PASS">
          <reporter-output>
          </reporter-output>
        </test-method> <!-- captureMessageVerification -->
      </class> <!-- testcases.TC003_Form_Page -->
      <class name="testcases.TC002_Language_Learning">
        <test-method signature="ShowMorelinkVerification()[pri:1, instance:testcases.TC002_Language_Learning@2034b64c]" started-at="2024-02-29T18:04:05 IST" name="ShowMorelinkVerification" finished-at="2024-02-29T18:04:05 IST" duration-ms="259" status="PASS">
          <reporter-output>
          </reporter-output>
        </test-method> <!-- ShowMorelinkVerification -->
        <test-method signature="LanguageVerification()[pri:2, instance:testcases.TC002_Language_Learning@2034b64c]" started-at="2024-02-29T18:04:06 IST" name="LanguageVerification" finished-at="2024-02-29T18:04:10 IST" duration-ms="4440" status="PASS">
          <reporter-output>
          </reporter-output>
        </test-method> <!-- LanguageVerification -->
        <test-method signature="CloselinkVerification()[pri:3, instance:testcases.TC002_Language_Learning@2034b64c]" started-at="2024-02-29T18:04:10 IST" name="CloselinkVerification" finished-at="2024-02-29T18:04:10 IST" duration-ms="152" status="PASS">
          <reporter-output>
          </reporter-output>
        </test-method> <!-- CloselinkVerification -->
        <test-method signature="LevelCountVerification()[pri:4, instance:testcases.TC002_Language_Learning@2034b64c]" started-at="2024-02-29T18:04:11 IST" name="LevelCountVerification" finished-at="2024-02-29T18:04:14 IST" duration-ms="3322" status="PASS">
          <reporter-output>
          </reporter-output>
        </test-method> <!-- LevelCountVerification -->
        <test-method signature="ClickCourseraVerification()[pri:5, instance:testcases.TC002_Language_Learning@2034b64c]" started-at="2024-02-29T18:04:15 IST" name="ClickCourseraVerification" finished-at="2024-02-29T18:04:22 IST" duration-ms="7317" status="PASS">
          <reporter-output>
          </reporter-output>
        </test-method> <!-- ClickCourseraVerification -->
        <test-method signature="forEnterpriseVerification()[pri:6, instance:testcases.TC002_Language_Learning@2034b64c]" started-at="2024-02-29T18:04:22 IST" name="forEnterpriseVerification" finished-at="2024-02-29T18:04:36 IST" duration-ms="13729" status="PASS">
          <reporter-output>
          </reporter-output>
        </test-method> <!-- forEnterpriseVerification -->
      </class> <!-- testcases.TC002_Language_Learning -->
      <class name="testcases.TC001_Home_Page">
        <test-method is-config="true" signature="setUp(java.lang.String,java.lang.String)[pri:0, instance:testcases.TC001_Home_Page@54422e18]" started-at="2024-02-29T18:02:51 IST" name="setUp" finished-at="2024-02-29T18:03:20 IST" duration-ms="29313" status="PASS">
          <params>
            <param index="0">
              <value>
                <![CDATA[windows]]>
              </value>
            </param>
            <param index="1">
              <value>
                <![CDATA[Chrome]]>
              </value>
            </param>
          </params>
          <reporter-output>
          </reporter-output>
        </test-method> <!-- setUp -->
        <test-method signature="homePageVerification()[pri:1, instance:testcases.TC001_Home_Page@54422e18]" started-at="2024-02-29T18:03:21 IST" name="homePageVerification" finished-at="2024-02-29T18:03:32 IST" duration-ms="11259" status="PASS">
          <reporter-output>
          </reporter-output>
        </test-method> <!-- homePageVerification -->
        <test-method signature="WebDevelopmentPageVerification()[pri:2, instance:testcases.TC001_Home_Page@54422e18]" started-at="2024-02-29T18:03:32 IST" name="WebDevelopmentPageVerification" finished-at="2024-02-29T18:03:36 IST" duration-ms="3613" status="PASS">
          <reporter-output>
          </reporter-output>
        </test-method> <!-- WebDevelopmentPageVerification -->
        <test-method signature="coursesVerification()[pri:3, instance:testcases.TC001_Home_Page@54422e18]" started-at="2024-02-29T18:03:37 IST" name="coursesVerification" finished-at="2024-02-29T18:04:00 IST" duration-ms="23205" status="PASS">
          <reporter-output>
          </reporter-output>
        </test-method> <!-- coursesVerification -->
        <test-method signature="SecondsearchboxVerification()[pri:4, instance:testcases.TC001_Home_Page@54422e18]" started-at="2024-02-29T18:04:01 IST" name="SecondsearchboxVerification" finished-at="2024-02-29T18:04:04 IST" duration-ms="2781" status="PASS">
          <reporter-output>
          </reporter-output>
        </test-method> <!-- SecondsearchboxVerification -->
        <test-method is-config="true" signature="tearDown()[pri:0, instance:testcases.TC001_Home_Page@54422e18]" started-at="2024-02-29T18:05:02 IST" name="tearDown" finished-at="2024-02-29T18:05:04 IST" duration-ms="1702" status="PASS">
          <reporter-output>
          </reporter-output>
        </test-method> <!-- tearDown -->
      </class> <!-- testcases.TC001_Home_Page -->
    </test> <!-- Test -->
  </suite> <!-- Suite -->
</testng-results>
