<?xml version="1.0" encoding="UTF-8"?>
<testsuite xmlns:xsi="http://www.w3.org/2001/XMLSchema-instance" xsi:noNamespaceSchemaLocation="https://maven.apache.org/surefire/maven-surefire-plugin/xsd/surefire-test-report-3.0.xsd" version="3.0" name="testRunner.TestRunner" time="231.662" tests="3" errors="0" skipped="0" failures="0">
  <properties>
[...]
</properties>
  <testcase name="Search for Web Development Courses" classname="C1HomePage" time="56.497">
    <system-out><![CDATA[
Scenario: Search for Web Development Courses  # Features/C1HomePage.feature:3
  Given Navigate to the coursera home page    # stepDefinitions.HomePageCucumber.navigate_to_the_coursera_home_page()

    Embedding Search for Web Development Courses [image/png 295046 bytes]

  When the user clicks on the inputBox        # stepDefinitions.HomePageCucumber.the_user_clicks_on_the_input_box()

    Embedding Search for Web Development Courses [image/png 469979 bytes]

  And the user selects the checkBox           # stepDefinitions.HomePageCucumber.the_user_selects_the_check_box()

    Embedding Search for Web Development Courses [image/png 87151 bytes]

IBM Full Stack Software Developer Professional Certificate-Course Name
4.5-Course Rating
4 months at 10 hours a week

  Then verify the details of the first course # stepDefinitions.HomePageCucumber.verify_the_details_of_the_first_course()

    Embedding Search for Web Development Courses [image/png 394335 bytes]

Meta Front-End Developer Professional Certificate-Course Name
4.7-Course Rating
7 months at 6 hours a week

  And verify the details of the second course # stepDefinitions.HomePageCucumber.verify_the_details_of_the_second_course()

    Embedding Search for Web Development Courses [image/png 394335 bytes]

]]></system-out>
  </testcase>
  <testcase name="Display the languages and levels" classname="C2LanguagePage" time="108.73">
    <system-out><![CDATA[
Scenario: Display the languages and levels # Features/C2LanguagePage.feature:3
  Given navigate to the coursera home page # stepDefinitions.LangauageLearningCucumber.navigate_to_the_coursera_home_page()

    Embedding Display the languages and levels [image/png 295046 bytes]

  When the user clicks on show more        # stepDefinitions.LangauageLearningCucumber.the_user_clicks_on_show_more()

    Embedding Display the languages and levels [image/png 181035 bytes]


0 - Total number of Language

  Then get the languages and their count   # stepDefinitions.LangauageLearningCucumber.get_the_languages_and_their_count()

    Embedding Display the languages and levels [image/png 180166 bytes]


0 -  Counts of level
  And get the levels and their count       # stepDefinitions.LangauageLearningCucumber.get_the_levels_and_their_count()

    Embedding Display the languages and levels [image/png 179602 bytes]

]]></system-out>
  </testcase>
  <testcase name="Fill the form" classname="C3FormPage" time="54.578">
    <system-out><![CDATA[
Scenario: Fill the form                      # Features/C3FormPage.feature:3
  Given navigates to the Coursera home page  # stepDefinitions.FormPageCucumber.navigates_to_the_coursera_home_page()

    Embedding Fill the form [image/png 179140 bytes]

  When the user clicks on For Enterprises    # stepDefinitions.FormPageCucumber.the_user_clicks_on_for_enterprises()

    Embedding Fill the form [image/png 699004 bytes]

  And the user clicks on Coursera for campus # stepDefinitions.FormPageCucumber.the_user_clicks_on_coursera_for_campus()

    Embedding Fill the form [image/png 802755 bytes]

  And scroll to the form                     # stepDefinitions.FormPageCucumber.scroll_to_the_form()

    Embedding Fill the form [image/png 343847 bytes]

  Then enter the details in the form         # stepDefinitions.FormPageCucumber.enter_the_details_in_the_form()

    Embedding Fill the form [image/png 153621 bytes]

example@yourdomain.com
  And verify the error message               # stepDefinitions.FormPageCucumber.verify_the_error_message()

    Embedding Fill the form [image/png 152399 bytes]

]]></system-out>
  </testcase>
</testsuite>